
Circuit 1 cell sky130_fd_pr__pfet_g5v0d10v5 and Circuit 2 cell sky130_fd_pr__pfet_g5v0d10v5 are black boxes.
Warning: Equate pins:  cell sky130_fd_pr__pfet_g5v0d10v5 is a placeholder, treated as a black box.
Warning: Equate pins:  cell sky130_fd_pr__pfet_g5v0d10v5 is a placeholder, treated as a black box.

Subcircuit pins:
Circuit 1: sky130_fd_pr__pfet_g5v0d10v5    |Circuit 2: sky130_fd_pr__pfet_g5v0d10v5    
-------------------------------------------|-------------------------------------------
1                                          |1                                          
2                                          |2                                          
3                                          |3                                          
4                                          |4                                          
---------------------------------------------------------------------------------------
Cell pin lists are equivalent.
Device classes sky130_fd_pr__pfet_g5v0d10v5 and sky130_fd_pr__pfet_g5v0d10v5 are equivalent.

Circuit 1 cell sky130_fd_pr__nfet_g5v0d10v5 and Circuit 2 cell sky130_fd_pr__nfet_g5v0d10v5 are black boxes.
Warning: Equate pins:  cell sky130_fd_pr__nfet_g5v0d10v5 is a placeholder, treated as a black box.
Warning: Equate pins:  cell sky130_fd_pr__nfet_g5v0d10v5 is a placeholder, treated as a black box.

Subcircuit pins:
Circuit 1: sky130_fd_pr__nfet_g5v0d10v5    |Circuit 2: sky130_fd_pr__nfet_g5v0d10v5    
-------------------------------------------|-------------------------------------------
1                                          |1                                          
2                                          |2                                          
3                                          |3                                          
4                                          |4                                          
---------------------------------------------------------------------------------------
Cell pin lists are equivalent.
Device classes sky130_fd_pr__nfet_g5v0d10v5 and sky130_fd_pr__nfet_g5v0d10v5 are equivalent.

Circuit 1 cell sky130_fd_pr__cap_mim_m3_1 and Circuit 2 cell sky130_fd_pr__cap_mim_m3_1 are black boxes.
Warning: Equate pins:  cell sky130_fd_pr__cap_mim_m3_1 is a placeholder, treated as a black box.
Warning: Equate pins:  cell sky130_fd_pr__cap_mim_m3_1 is a placeholder, treated as a black box.

Subcircuit pins:
Circuit 1: sky130_fd_pr__cap_mim_m3_1      |Circuit 2: sky130_fd_pr__cap_mim_m3_1      
-------------------------------------------|-------------------------------------------
1                                          |1                                          
2                                          |2                                          
---------------------------------------------------------------------------------------
Cell pin lists are equivalent.
Device classes sky130_fd_pr__cap_mim_m3_1 and sky130_fd_pr__cap_mim_m3_1 are equivalent.
Flattening unmatched subcell sky130_fd_pr__pfet_g5v0d10v5_V6JW4R in circuit two-stage-miller (0)(2 instances)
Flattening unmatched subcell sky130_fd_pr__pfet_g5v0d10v5_RFPNS8 in circuit two-stage-miller (0)(2 instances)
Flattening unmatched subcell sky130_fd_pr__pfet_g5v0d10v5_S5VYLR in circuit two-stage-miller (0)(1 instance)
Flattening unmatched subcell sky130_fd_pr__nfet_g5v0d10v5_DC2CKB in circuit two-stage-miller (0)(1 instance)
Flattening unmatched subcell sky130_fd_pr__nfet_g5v0d10v5_2899RY in circuit two-stage-miller (0)(1 instance)
Flattening unmatched subcell sky130_fd_pr__nfet_g5v0d10v5_A8KA9K in circuit two-stage-miller (0)(1 instance)
Flattening unmatched subcell sky130_fd_pr__nfet_g5v0d10v5_N5GNFR in circuit two-stage-miller (0)(2 instances)
Flattening unmatched subcell sky130_fd_pr__nfet_g5v0d10v5_X6KG9Z in circuit two-stage-miller (0)(1 instance)
Flattening unmatched subcell sky130_fd_pr__cap_mim_m3_1_R7S84X in circuit two-stage-miller (0)(1 instance)
Flattening unmatched subcell sky130_fd_pr__nfet_g5v0d10v5_PBQQNH in circuit two-stage-miller (0)(1 instance)

Class two-stage-miller (0):  Merged 74 parallel devices.
Subcircuit summary:
Circuit 1: two-stage-miller                |Circuit 2: two-stage-miller                
-------------------------------------------|-------------------------------------------
sky130_fd_pr__pfet_g5v0d10v5 (36->4)       |sky130_fd_pr__pfet_g5v0d10v5 (4)           
sky130_fd_pr__nfet_g5v0d10v5 (40->5)       |sky130_fd_pr__nfet_g5v0d10v5 (5)           
sky130_fd_pr__cap_mim_m3_1 (8->1)          |sky130_fd_pr__cap_mim_m3_1 (8->1)          
Number of devices: 10                      |Number of devices: 10                      
Number of nets: 10                         |Number of nets: 10                         
---------------------------------------------------------------------------------------
Netlists match uniquely.

Subcircuit pins:
Circuit 1: two-stage-miller                |Circuit 2: two-stage-miller                
-------------------------------------------|-------------------------------------------
VN                                         |VN                                         
VP                                         |VP                                         
IBIAS                                      |IBIAS                                      
VDD                                        |VDD                                        
VSS                                        |VSS                                        
OUT                                        |OUT                                        
---------------------------------------------------------------------------------------
Cell pin lists are equivalent.
Device classes two-stage-miller and two-stage-miller are equivalent.

Final result: Circuits match uniquely.
.
