
Circuit 1 cell sky130_fd_pr__nfet_01v8 and Circuit 2 cell sky130_fd_pr__nfet_01v8 are black boxes.
Warning: Equate pins:  cell sky130_fd_pr__nfet_01v8 is a placeholder, treated as a black box.
Warning: Equate pins:  cell sky130_fd_pr__nfet_01v8 is a placeholder, treated as a black box.

Subcircuit pins:
Circuit 1: sky130_fd_pr__nfet_01v8         |Circuit 2: sky130_fd_pr__nfet_01v8         
-------------------------------------------|-------------------------------------------
1                                          |1                                          
2                                          |2                                          
3                                          |3                                          
4                                          |4                                          
---------------------------------------------------------------------------------------
Cell pin lists are equivalent.
Device classes sky130_fd_pr__nfet_01v8 and sky130_fd_pr__nfet_01v8 are equivalent.

Circuit 1 cell sky130_fd_pr__cap_mim_m3_1 and Circuit 2 cell sky130_fd_pr__cap_mim_m3_1 are black boxes.
Warning: Equate pins:  cell sky130_fd_pr__cap_mim_m3_1 is a placeholder, treated as a black box.
Warning: Equate pins:  cell sky130_fd_pr__cap_mim_m3_1 is a placeholder, treated as a black box.

Subcircuit pins:
Circuit 1: sky130_fd_pr__cap_mim_m3_1      |Circuit 2: sky130_fd_pr__cap_mim_m3_1      
-------------------------------------------|-------------------------------------------
1                                          |1                                          
2                                          |2                                          
---------------------------------------------------------------------------------------
Cell pin lists are equivalent.
Device classes sky130_fd_pr__cap_mim_m3_1 and sky130_fd_pr__cap_mim_m3_1 are equivalent.

Circuit 1 cell sky130_fd_pr__res_high_po_1p41 and Circuit 2 cell sky130_fd_pr__res_high_po_1p41 are black boxes.
Warning: Equate pins:  cell sky130_fd_pr__res_high_po_1p41 is a placeholder, treated as a black box.
Warning: Equate pins:  cell sky130_fd_pr__res_high_po_1p41 is a placeholder, treated as a black box.

Subcircuit pins:
Circuit 1: sky130_fd_pr__res_high_po_1p41  |Circuit 2: sky130_fd_pr__res_high_po_1p41  
-------------------------------------------|-------------------------------------------
1                                          |1                                          
2                                          |2                                          
3                                          |3                                          
---------------------------------------------------------------------------------------
Cell pin lists are equivalent.
Device classes sky130_fd_pr__res_high_po_1p41 and sky130_fd_pr__res_high_po_1p41 are equivalent.

Circuit 1 cell sky130_fd_pr__pfet_01v8 and Circuit 2 cell sky130_fd_pr__pfet_01v8 are black boxes.
Warning: Equate pins:  cell sky130_fd_pr__pfet_01v8 is a placeholder, treated as a black box.
Warning: Equate pins:  cell sky130_fd_pr__pfet_01v8 is a placeholder, treated as a black box.

Subcircuit pins:
Circuit 1: sky130_fd_pr__pfet_01v8         |Circuit 2: sky130_fd_pr__pfet_01v8         
-------------------------------------------|-------------------------------------------
1                                          |1                                          
2                                          |2                                          
3                                          |3                                          
4                                          |4                                          
---------------------------------------------------------------------------------------
Cell pin lists are equivalent.
Device classes sky130_fd_pr__pfet_01v8 and sky130_fd_pr__pfet_01v8 are equivalent.
Flattening unmatched subcell sky130_fd_pr__nfet_01v8_CH4F5S in circuit bgr-ota (5)(1 instance)
Flattening unmatched subcell sky130_fd_pr__cap_mim_m3_1_VUG9HY in circuit bgr-ota (5)(1 instance)
Flattening unmatched subcell sky130_fd_pr__nfet_01v8_T8V4TE in circuit bgr-ota (5)(1 instance)
Flattening unmatched subcell sky130_fd_pr__res_high_po_1p41_Z9HR6K in circuit bgr-ota (5)(5 instances)
Flattening unmatched subcell sky130_fd_pr__nfet_01v8_9SDSBW in circuit bgr-ota (5)(1 instance)
Flattening unmatched subcell sky130_fd_pr__pfet_01v8_GRDUQF in circuit bgr-ota (5)(2 instances)
Flattening unmatched subcell sky130_fd_pr__nfet_01v8_BU786C in circuit bgr-ota (5)(1 instance)
Flattening unmatched subcell sky130_fd_pr__nfet_01v8_UBWUWY in circuit bgr-ota (5)(1 instance)
Flattening unmatched subcell sky130_fd_pr__pfet_01v8_3HNK2A in circuit bgr-ota (5)(1 instance)

Class bgr-ota (5):  Merged 51 parallel devices.
Class bgr-ota (5):  Merged 4 series devices.
Class bgr-ota (7):  Merged 4 series devices.
Subcircuit summary:
Circuit 1: bgr-ota                         |Circuit 2: bgr-ota                         
-------------------------------------------|-------------------------------------------
sky130_fd_pr__nfet_01v8 (12->7)            |sky130_fd_pr__nfet_01v8 (7)                
sky130_fd_pr__cap_mim_m3_1 (4->1)          |sky130_fd_pr__cap_mim_m3_1 (4->1)          
sky130_fd_pr__res_high_po_1p41 (5->1)      |sky130_fd_pr__res_high_po_1p41 (5->1)      
sky130_fd_pr__pfet_01v8 (48->5)            |sky130_fd_pr__pfet_01v8 (5)                
sky130_fd_pr__res_generic_m1 (1)           |(no matching element)                      
Number of devices: 15 **Mismatch**         |Number of devices: 14 **Mismatch**         
Number of nets: 12 **Mismatch**            |Number of nets: 11 **Mismatch**            
---------------------------------------------------------------------------------------
NET mismatches: Class fragments follow (with fanout counts):
Circuit 1: bgr-ota                         |Circuit 2: bgr-ota                         

---------------------------------------------------------------------------------------
Net: VSS                                   |Net: VSS                                   
  sky130_fd_pr__nfet_01v8/(1|3) = 2        |  sky130_fd_pr__nfet_01v8/(1|3) = 3        
  sky130_fd_pr__nfet_01v8/4 = 7            |  sky130_fd_pr__nfet_01v8/4 = 5            
  sky130_fd_pr__res_high_po_1p41/(1|2) = 1 |  sky130_fd_pr__res_high_po_1p41/(1|2) = 1 
  sky130_fd_pr__res_high_po_1p41/3 = 1     |  sky130_fd_pr__res_high_po_1p41/3 = 1     
                                           |                                           
Net: m1_427_n28560#                        |Net: net5                                  
  sky130_fd_pr__nfet_01v8/(1|3) = 1        |  sky130_fd_pr__nfet_01v8/2 = 2            
  sky130_fd_pr__res_generic_m1/(end_a|end_ |  sky130_fd_pr__pfet_01v8/(1|3) = 1        
                                           |  sky130_fd_pr__nfet_01v8/(1|3) = 2        
                                           |  sky130_fd_pr__nfet_01v8/4 = 1            
                                           |                                           
Net: m1_n1965_n27590#                      |(no matching net)                          
  sky130_fd_pr__nfet_01v8/2 = 2            |                                           
  sky130_fd_pr__nfet_01v8/(1|3) = 1        |                                           
  sky130_fd_pr__pfet_01v8/(1|3) = 1        |                                           
  sky130_fd_pr__res_generic_m1/(end_a|end_ |                                           
---------------------------------------------------------------------------------------

---------------------------------------------------------------------------------------
Net: li_n2600_n27259#                      |Net: IB                                    
  sky130_fd_pr__nfet_01v8/2 = 3            |  sky130_fd_pr__nfet_01v8/2 = 3            
  sky130_fd_pr__nfet_01v8/(1|3) = 2        |  sky130_fd_pr__nfet_01v8/(1|3) = 2        
  sky130_fd_pr__pfet_01v8/2 = 2            |  sky130_fd_pr__pfet_01v8/2 = 2            
  sky130_fd_pr__pfet_01v8/(1|3) = 1        |  sky130_fd_pr__pfet_01v8/(1|3) = 1        
---------------------------------------------------------------------------------------

---------------------------------------------------------------------------------------
Net: m1_n1538_n30554#                      |Net: net4                                  
  sky130_fd_pr__res_high_po_1p41/(1|2) = 1 |  sky130_fd_pr__res_high_po_1p41/(1|2) = 1 
  sky130_fd_pr__nfet_01v8/(1|3) = 2        |  sky130_fd_pr__nfet_01v8/(1|3) = 1        
                                           |  sky130_fd_pr__nfet_01v8/4 = 1            
---------------------------------------------------------------------------------------
DEVICE mismatches: Class fragments follow (with node fanout counts):
Circuit 1: bgr-ota                         |Circuit 2: bgr-ota                         

---------------------------------------------------------------------------------------
Instance: sky130_fd_pr__res_generic_m1:0   |(no matching instance)                     
  (end_a,end_b) = (5,2)                    |                                           
                                           |                                           
---------------------------------------------------------------------------------------

---------------------------------------------------------------------------------------
Instance: sky130_fd_pr__nfet_01v8_9SDSBW:X |Instance: sky130_fd_pr__nfet_01v8:M9       
  (1,3) = (5,3)                            |  (1,3) = (10,6)                           
  2 = 5                                    |  2 = 6                                    
  4 = 11                                   |  4 = 10                                   
                                           |                                           
Instance: sky130_fd_pr__nfet_01v8_9SDSBW:X |Instance: sky130_fd_pr__nfet_01v8:M3       
  (1,3) = (8,3)                            |  (1,3) = (8,3)                            
  2 = 5                                    |  2 = 6                                    
  4 = 11                                   |  4 = 3                                    
---------------------------------------------------------------------------------------
Netlists do not match.
Port matching may fail to disambiguate symmetries.

Subcircuit pins:
Circuit 1: bgr-ota                         |Circuit 2: bgr-ota                         
-------------------------------------------|-------------------------------------------
VSS                                        |VSS                                        
VDD                                        |VDD                                        
VN                                         |VN                                         
VP                                         |VP                                         
OUT                                        |OUT                                        
---------------------------------------------------------------------------------------
Cell pin lists are equivalent.
Device classes bgr-ota and bgr-ota are equivalent.

Final result: Netlists do not match.
Port matching may fail to disambiguate symmetries.
